android/build/intermediates/manifest_merge_blame_file/debug/manifest-merger-blame-debug-report.txt
1<?xml version="1.0" encoding="utf-8"?>
2<manifest xmlns:android="http://schemas.android.com/apk/res/android"
3    package="com.github.loganvelasco.bp2"
4    android:versionCode="1"
5    android:versionName="1.0" >
6
7    <uses-sdk
8        android:minSdkVersion="19"
8-->BlockPartyRemastered\android\AndroidManifest.xml
9        android:targetSdkVersion="29" />
9-->BlockPartyRemastered\android\AndroidManifest.xml
10
11    <application
11-->BlockPartyRemastered\android\AndroidManifest.xml:4:5-21:19
12        android:allowBackup="true"
12-->BlockPartyRemastered\android\AndroidManifest.xml:5:13-39
13        android:appCategory="game"
13-->BlockPartyRemastered\android\AndroidManifest.xml:8:13-39
14        android:debuggable="true"
15        android:icon="@drawable/ic_launcher"
15-->BlockPartyRemastered\android\AndroidManifest.xml:6:13-49
16        android:isGame="true"
16-->BlockPartyRemastered\android\AndroidManifest.xml:7:13-34
17        android:label="@string/app_name"
17-->BlockPartyRemastered\android\AndroidManifest.xml:9:13-45
18        android:testOnly="true"
19        android:theme="@style/GdxTheme" >
19-->BlockPartyRemastered\android\AndroidManifest.xml:10:13-44
20        <activity
20-->BlockPartyRemastered\android\AndroidManifest.xml:11:9-20:20
21            android:name="com.github.loganvelasco.bp2.android.AndroidLauncher"
21-->BlockPartyRemastered\android\AndroidManifest.xml:12:17-83
22            android:configChanges="keyboard|keyboardHidden|navigation|orientation|screenSize|screenLayout"
22-->BlockPartyRemastered\android\AndroidManifest.xml:15:17-111
23            android:label="@string/app_name"
23-->BlockPartyRemastered\android\AndroidManifest.xml:13:17-49
24            android:screenOrientation="landscape" >
24-->BlockPartyRemastered\android\AndroidManifest.xml:14:17-54
25            <intent-filter>
25-->BlockPartyRemastered\android\AndroidManifest.xml:16:13-19:29
26                <action android:name="android.intent.action.MAIN" />
26-->BlockPartyRemastered\android\AndroidManifest.xml:17:17-68
26-->BlockPartyRemastered\android\AndroidManifest.xml:17:25-66
27
28                <category android:name="android.intent.category.LAUNCHER" />
28-->BlockPartyRemastered\android\AndroidManifest.xml:18:17-76
28-->BlockPartyRemastered\android\AndroidManifest.xml:18:27-74
29            </intent-filter>
30        </activity>
31    </application>
32
33</manifest>